2025-06-21 17:33:45,566 INFO \U0001f440 Watching NGINX logs for anomalies...
2025-06-21 17:35:16,496 INFO \U0001f440 Watching NGINX logs for anomalies...
2025-06-21 17:36:52,251 INFO \U0001f440 Watching NGINX logs for anomalies...
2025-06-21 17:37:11,786 INFO New encoding for path: / -> 3
2025-06-21 17:37:11,787 INFO New encoding for user_agent: curl/7.68.0 -> 135
2025-06-21 17:37:11,787 INFO \U0001f4e4 Sending payload: {'status': 200, 'size': 612, 'method': 0, 'path': 3, 'user_agent': 135, 'hour_of_day': 17}
2025-06-21 17:37:13,860 INFO \U0001f4e5 API response: {'anomaly': True}
2025-06-21 17:37:13,861 WARNING \U0001f525 Anomaly Detected!
2025-06-21 17:37:17,516 INFO \u2705 Email alert sent.
2025-06-21 17:37:17,517 INFO New encoding for path: /wp-login.php -> 4
2025-06-21 17:37:17,527 INFO New encoding for user_agent: Mozilla/5.0 (compatible; Googlebot/2.1; +http://www.google.com/bot.html) -> 136
2025-06-21 17:37:17,527 INFO \U0001f4e4 Sending payload: {'status': 403, 'size': 234, 'method': 0, 'path': 4, 'user_agent': 136, 'hour_of_day': 17}
2025-06-21 17:37:19,600 INFO \U0001f4e5 API response: {'anomaly': True}
2025-06-21 17:37:19,600 WARNING \U0001f525 Anomaly Detected!
2025-06-21 17:37:23,231 INFO \u2705 Email alert sent.
2025-06-21 17:37:23,233 INFO New encoding for method: POST -> 2
2025-06-21 17:37:23,234 INFO New encoding for path: /api/login -> 5
2025-06-21 17:37:23,235 INFO New encoding for user_agent: Mozilla/5.0 (iPhone; CPU iPhone OS 14_0 like Mac OS X) -> 137
2025-06-21 17:37:23,235 INFO \U0001f4e4 Sending payload: {'status': 401, 'size': 98, 'method': 2, 'path': 5, 'user_agent': 137, 'hour_of_day': 17}
2025-06-21 17:37:25,304 INFO \U0001f4e5 API response: {'anomaly': True}
2025-06-21 17:37:25,304 WARNING \U0001f525 Anomaly Detected!
2025-06-21 17:37:29,329 INFO \u2705 Email alert sent.
2025-06-21 17:37:29,329 WARNING \u26a0\ufe0f Log line did not match expected format.
2025-06-21 17:37:29,329 WARNING \u26a0\ufe0f Log line did not match expected format.
2025-06-21 17:45:43,815 INFO \U0001f440 Watching NGINX logs for anomalies...
2025-06-21 17:46:03,364 INFO New encoding for path: /admin.php -> 6
2025-06-21 17:46:03,364 INFO New encoding for user_agent: Mozilla/5.0 (Windows NT 10.0; Win64; x64) Chrome/124.0.0.0 -> 138
2025-06-21 17:46:03,364 INFO \U0001f4e4 Sending payload: {'status': 404, 'size': 142, 'method': 2, 'path': 6, 'user_agent': 138, 'hour_of_day': 18}
2025-06-21 17:46:05,463 INFO \U0001f4e5 API response: {'anomaly': True}
2025-06-21 17:46:05,463 WARNING \U0001f525 Anomaly Detected!
2025-06-21 17:46:08,927 INFO \u2705 Email alert sent.
2025-06-21 17:46:08,927 WARNING \u26a0\ufe0f Log line did not match expected format.
2025-06-21 17:46:08,927 WARNING \u26a0\ufe0f Log line did not match expected format.
